<?xml version="1.0" encoding="UTF-8"?>
<!-- Generated by org.testng.reporters.JUnitXMLReporter -->
<testsuite ignored="0" hostname="SunilBss" failures="2" tests="5" name="Test" time="54.858" errors="0" timestamp="2024-10-07T15:42:21 IST">
  <testcase classname="testCases.Login_DDT" name="verify_login" time="2.193"/>
  <testcase classname="testCases.Login_DDT" name="verify_login" time="11.204"/>
  <testcase classname="testCases.Login_DDT" name="verify_login" time="11.267">
    <failure type="java.lang.AssertionError" message="expected [true] but found [false]">
      <![CDATA[java.lang.AssertionError: expected [true] but found [false]
at testCases.Login_DDT.verify_login(Login_DDT.java:46)
at java.base/java.util.ArrayList.forEach(ArrayList.java:1597)
... Removed 29 stack frames]]>
    </failure>
  </testcase> <!-- verify_login -->
  <testcase classname="testCases.Login_DDT" name="verify_login" time="11.954"/>
  <testcase classname="testCases.Login_DDT" name="verify_login" time="12.103">
    <failure type="java.lang.AssertionError" message="expected [true] but found [false]">
      <![CDATA[java.lang.AssertionError: expected [true] but found [false]
at testCases.Login_DDT.verify_login(Login_DDT.java:46)
at java.base/java.util.ArrayList.forEach(ArrayList.java:1597)
... Removed 29 stack frames]]>
    </failure>
  </testcase> <!-- verify_login -->
</testsuite> <!-- Test -->
