<?xml version="1.0" encoding="UTF-8"?>
<testng-results ignored="0" total="2" passed="2" failed="0" skipped="0">
  <reporter-output>
  </reporter-output>
  <suite started-at="2024-10-25T15:25:41 IST" name="GroupSuite" finished-at="2024-10-25T15:25:56 IST" duration-ms="14990">
    <groups>
      <group name="Master">
        <method signature="TC001_RegisterAccountTest.RegisterTest()[pri:0, instance:testCases.TC001_RegisterAccountTest@5c2375a9]" name="RegisterTest" class="testCases.TC001_RegisterAccountTest"/>
        <method signature="TC002_LoginTest.LoginTest()[pri:0, instance:testCases.TC002_LoginTest@27216cd]" name="LoginTest" class="testCases.TC002_LoginTest"/>
      </group> <!-- Master -->
      <group name="Sanity">
        <method signature="TC002_LoginTest.LoginTest()[pri:0, instance:testCases.TC002_LoginTest@27216cd]" name="LoginTest" class="testCases.TC002_LoginTest"/>
      </group> <!-- Sanity -->
      <group name="Regression">
        <method signature="TC001_RegisterAccountTest.RegisterTest()[pri:0, instance:testCases.TC001_RegisterAccountTest@5c2375a9]" name="RegisterTest" class="testCases.TC001_RegisterAccountTest"/>
      </group> <!-- Regression -->
    </groups>
    <test started-at="2024-10-25T15:25:41 IST" name="GroupTest" finished-at="2024-10-25T15:25:56 IST" duration-ms="14990">
      <class name="testCases.TC002_LoginTest">
        <test-method is-config="true" signature="setup(java.lang.String,java.lang.String)[pri:0, instance:testCases.TC002_LoginTest@27216cd]" started-at="2024-10-25T15:25:50 IST" name="setup" finished-at="2024-10-25T15:25:53 IST" duration-ms="3129" status="PASS">
          <params>
            <param index="0">
              <value>
                <![CDATA[chrome]]>
              </value>
            </param>
            <param index="1">
              <value>
                <![CDATA[windows]]>
              </value>
            </param>
          </params>
          <reporter-output>
          </reporter-output>
        </test-method> <!-- setup -->
        <test-method signature="LoginTest()[pri:0, instance:testCases.TC002_LoginTest@27216cd]" started-at="2024-10-25T15:25:53 IST" name="LoginTest" finished-at="2024-10-25T15:25:56 IST" duration-ms="2568" status="PASS">
          <reporter-output>
          </reporter-output>
        </test-method> <!-- LoginTest -->
        <test-method is-config="true" signature="afterClass()[pri:0, instance:testCases.TC002_LoginTest@27216cd]" started-at="2024-10-25T15:25:56 IST" name="afterClass" finished-at="2024-10-25T15:25:56 IST" duration-ms="195" status="PASS">
          <reporter-output>
          </reporter-output>
        </test-method> <!-- afterClass -->
      </class> <!-- testCases.TC002_LoginTest -->
      <class name="testCases.TC001_RegisterAccountTest">
        <test-method is-config="true" signature="setup(java.lang.String,java.lang.String)[pri:0, instance:testCases.TC001_RegisterAccountTest@5c2375a9]" started-at="2024-10-25T15:25:41 IST" name="setup" finished-at="2024-10-25T15:25:45 IST" duration-ms="4030" status="PASS">
          <params>
            <param index="0">
              <value>
                <![CDATA[chrome]]>
              </value>
            </param>
            <param index="1">
              <value>
                <![CDATA[windows]]>
              </value>
            </param>
          </params>
          <reporter-output>
          </reporter-output>
        </test-method> <!-- setup -->
        <test-method signature="RegisterTest()[pri:0, instance:testCases.TC001_RegisterAccountTest@5c2375a9]" started-at="2024-10-25T15:25:45 IST" name="RegisterTest" finished-at="2024-10-25T15:25:50 IST" duration-ms="4727" status="PASS">
          <reporter-output>
          </reporter-output>
        </test-method> <!-- RegisterTest -->
        <test-method is-config="true" signature="afterClass()[pri:0, instance:testCases.TC001_RegisterAccountTest@5c2375a9]" started-at="2024-10-25T15:25:50 IST" name="afterClass" finished-at="2024-10-25T15:25:50 IST" duration-ms="135" status="PASS">
          <reporter-output>
          </reporter-output>
        </test-method> <!-- afterClass -->
      </class> <!-- testCases.TC001_RegisterAccountTest -->
    </test> <!-- GroupTest -->
  </suite> <!-- GroupSuite -->
</testng-results>
