<?xml version="1.0" encoding="UTF-8"?>
<!-- Generated by org.testng.reporters.JUnitXMLReporter -->
<testsuite ignored="1" hostname="SunilBss" failures="0" tests="2" name="GroupTest" time="14.99" errors="0" timestamp="2024-10-25T15:25:57 IST">
  <testcase classname="testCases.TC001_RegisterAccountTest" name="RegisterTest" time="4.727"/>
  <testcase classname="testCases.TC002_LoginTest" name="LoginTest" time="2.568"/>
  <testcase classname="testCases.Login_DDT" name="verify_login" time="0.0">
    <ignored/>
  </testcase> <!-- verify_login -->
</testsuite> <!-- GroupTest -->
